<?xml version="1.0" encoding="UTF-8"?>
<!-- Generated by org.testng.reporters.JUnitXMLReporter -->
<testsuite ignored="10" hostname="DESKTOP-5FESB8K" failures="1" tests="31" name="Test" time="287.512" errors="0" timestamp="2025-03-29T14:43:58 IST">
  <testcase classname="test.TC_001SignUpTest" name="testSignupFunctionality" time="1.088"/>
  <testcase classname="test.TC_001SignUpTest" name="testSignupUsers" time="3.602"/>
  <testcase classname="test.TC_001SignUpTest" name="testSignupUsers" time="3.571"/>
  <testcase classname="test.TC_001SignUpTest" name="testSignupUsers" time="3.917"/>
  <testcase classname="test.TC_001SignUpTest" name="testSignupUsers" time="3.59"/>
  <testcase classname="test.TC_001SignUpTest" name="testSignupUsers" time="3.672"/>
  <testcase classname="test.TC_001SignUpTest" name="testSignupUsers" time="3.662"/>
  <testcase classname="test.TC_001SignUpTest" name="testSignupUsers" time="3.656"/>
  <testcase classname="test.TC_001SignUpTest" name="testSignupUsers" time="3.643"/>
  <testcase classname="test.TC_002LoginTest" name="testValidLogin" time="0.483"/>
  <testcase classname="test.TC_002LoginTest" name="testValidLogin" time="1.226"/>
  <testcase classname="test.TC_002LoginTest" name="testValidLogin" time="1.078"/>
  <testcase classname="test.TC_002LoginTest" name="testValidLogin" time="1.093"/>
  <testcase classname="test.TC_002LoginTest" name="testLoginButtonVisibility" time="0.076"/>
  <testcase classname="test.TC_002LoginTest" name="testInvalidLogin" time="2.711"/>
  <testcase classname="test.TC_003ContactPageTest" name="testAddContact" time="4.113"/>
  <testcase classname="test.TC_003ContactPageTest" name="testAddContact" time="3.955"/>
  <testcase classname="test.TC_003ContactPageTest" name="testAddContact" time="3.942"/>
  <testcase classname="test.TC_004ContactDisplayTest" name="testContactDetailsDisplayedCorrectly" time="6.19"/>
  <testcase classname="test.TC_004ContactDisplayTest" name="testContactsAlphabeticalOrder" time="3.447">
    <failure type="java.lang.AssertionError" message="Contacts are not in alphabetical order!: Lists differ at element [23]: k != S expected [k] but found [S]">
      <![CDATA[java.lang.AssertionError: Contacts are not in alphabetical order!: Lists differ at element [23]: k != S expected [k] but found [S]
at test.TC_004ContactDisplayTest.testContactsAlphabeticalOrder(TC_004ContactDisplayTest.java:64)
at java.base/java.util.ArrayList.forEach(ArrayList.java:1596)
... Removed 29 stack frames]]>
    </failure>
  </testcase> <!-- testContactsAlphabeticalOrder -->
  <testcase classname="test.TC_005ContactDetailsTest" name="testContactRedirectsToDetailsPage" time="2.608"/>
  <testcase classname="test.TC_005ContactDetailsTest" name="testDeleteContactDetails" time="10.737"/>
  <testcase classname="test.TC_005ContactDetailsTest" name="testEditContactDetails" time="8.478"/>
  <testcase classname="test.TC_005ContactDetailsTest" name="testEditContactDetails" time="8.147"/>
  <testcase classname="test.TC_005ContactDetailsTest" name="testEditContactDetails" time="8.302"/>
  <testcase classname="test.TC_005ContactDetailsTest" name="testEditContactDetails" time="8.358"/>
  <testcase classname="test.TC_005ContactDetailsTest" name="testEditContactDetails" time="8.807"/>
  <testcase classname="test.TC_005ContactDetailsTest" name="testEditContactDetails" time="8.137"/>
  <testcase classname="test.TC_005ContactDetailsTest" name="testEditContactDetails" time="8.225"/>
  <testcase classname="test.TC_005ContactDetailsTest" name="testEditContactDetails" time="8.318"/>
  <testcase classname="test.TC_006LogoutTest" name="testLogoutPage" time="3.581"/>
  <testcase classname="base.ProjectSpecificationMethod" name="@BeforeSuite reportiniatialization" time="0.0">
    <ignored/>
  </testcase> <!-- @BeforeSuite reportiniatialization -->
  <testcase classname="base.ProjectSpecificationMethod" name="@BeforeSuite reportiniatialization" time="0.0">
    <ignored/>
  </testcase> <!-- @BeforeSuite reportiniatialization -->
  <testcase classname="base.ProjectSpecificationMethod" name="@AfterSuite reportclose" time="0.0">
    <ignored/>
  </testcase> <!-- @AfterSuite reportclose -->
  <testcase classname="base.ProjectSpecificationMethod" name="@AfterSuite reportclose" time="0.0">
    <ignored/>
  </testcase> <!-- @AfterSuite reportclose -->
  <testcase classname="base.ProjectSpecificationMethod" name="@BeforeSuite reportiniatialization" time="0.0">
    <ignored/>
  </testcase> <!-- @BeforeSuite reportiniatialization -->
  <testcase classname="base.ProjectSpecificationMethod" name="@BeforeSuite reportiniatialization" time="0.0">
    <ignored/>
  </testcase> <!-- @BeforeSuite reportiniatialization -->
  <testcase classname="base.ProjectSpecificationMethod" name="@BeforeSuite reportiniatialization" time="0.0">
    <ignored/>
  </testcase> <!-- @BeforeSuite reportiniatialization -->
  <testcase classname="base.ProjectSpecificationMethod" name="@AfterSuite reportclose" time="0.0">
    <ignored/>
  </testcase> <!-- @AfterSuite reportclose -->
  <testcase classname="base.ProjectSpecificationMethod" name="@AfterSuite reportclose" time="0.0">
    <ignored/>
  </testcase> <!-- @AfterSuite reportclose -->
  <testcase classname="base.ProjectSpecificationMethod" name="@AfterSuite reportclose" time="0.0">
    <ignored/>
  </testcase> <!-- @AfterSuite reportclose -->
</testsuite> <!-- Test -->
