<?xml version="1.0" encoding="UTF-8"?>
<!-- Generated by org.testng.reporters.JUnitXMLReporter -->
<testsuite ignored="2" hostname="DESKTOP-5FESB8K" failures="3" tests="11" name="Test" time="225.504" errors="0" timestamp="2025-03-28T15:53:32 IST">
  <testcase classname="test.TC_005ContactDetailsTest" name="testContactRedirectsToDetailsPage" time="8.152"/>
  <testcase classname="test.TC_005ContactDetailsTest" name="testDeleteContactDetails" time="25.562"/>
  <testcase classname="test.TC_005ContactDetailsTest" name="testEditContactDetails" time="8.558"/>
  <testcase classname="test.TC_005ContactDetailsTest" name="testEditContactDetails" time="9.493">
    <failure type="java.lang.AssertionError" message="Error message mismatch! expected [true] but found [false]">
      <![CDATA[java.lang.AssertionError: Error message mismatch! expected [true] but found [false]
at test.TC_005ContactDetailsTest.testEditContactDetails(TC_005ContactDetailsTest.java:57)
at java.base/java.util.ArrayList.forEach(ArrayList.java:1596)
... Removed 32 stack frames]]>
    </failure>
  </testcase> <!-- testEditContactDetails -->
  <testcase classname="test.TC_005ContactDetailsTest" name="testEditContactDetails" time="12.083"/>
  <testcase classname="test.TC_005ContactDetailsTest" name="testEditContactDetails" time="17.0">
    <failure type="java.lang.AssertionError" message="Error message mismatch! expected [true] but found [false]">
      <![CDATA[java.lang.AssertionError: Error message mismatch! expected [true] but found [false]
at test.TC_005ContactDetailsTest.testEditContactDetails(TC_005ContactDetailsTest.java:57)
at java.base/java.util.ArrayList.forEach(ArrayList.java:1596)
... Removed 32 stack frames]]>
    </failure>
  </testcase> <!-- testEditContactDetails -->
  <testcase classname="test.TC_005ContactDetailsTest" name="testEditContactDetails" time="20.147"/>
  <testcase classname="test.TC_005ContactDetailsTest" name="testEditContactDetails" time="22.072"/>
  <testcase classname="test.TC_005ContactDetailsTest" name="testEditContactDetails" time="16.066"/>
  <testcase classname="test.TC_005ContactDetailsTest" name="testEditContactDetails" time="12.206">
    <failure type="java.lang.AssertionError" message="Error message mismatch! expected [true] but found [false]">
      <![CDATA[java.lang.AssertionError: Error message mismatch! expected [true] but found [false]
at test.TC_005ContactDetailsTest.testEditContactDetails(TC_005ContactDetailsTest.java:57)
at java.base/java.util.ArrayList.forEach(ArrayList.java:1596)
... Removed 32 stack frames]]>
    </failure>
  </testcase> <!-- testEditContactDetails -->
  <testcase classname="test.TC_006LogoutTest" name="testLogoutPage" time="5.212"/>
  <testcase classname="base.ProjectSpecificationMethod" name="@AfterSuite reportclose" time="0.0">
    <ignored/>
  </testcase> <!-- @AfterSuite reportclose -->
  <testcase classname="base.ProjectSpecificationMethod" name="@BeforeSuite reportiniatialization" time="0.0">
    <ignored/>
  </testcase> <!-- @BeforeSuite reportiniatialization -->
</testsuite> <!-- Test -->
